Using pre-set license
Built from '2020.2/release' branch; Version is '2020.2.1f1 (270dd8c3da1c) revision 2559448'; Using compiler version '192528614'; Build Type 'Release'
OS: 'Windows 10  (10.0.0) 64bit' Language: 'no' Physical Memory: 16221 MB
BatchMode: 1, IsHumanControllingUs: 0, StartBugReporterOnCrash: 0, Is64bit: 1, IsPro: 0

 COMMAND LINE ARGUMENTS:
C:\Program Files\Unity\Hub\Editor\2020.2.1f1\Editor\Unity.exe
-adb2
-batchMode
-noUpm
-name
AssetImportWorker4
-projectPath
C:/Users/Sigrun/Documents/GitHub/PetTheEggo
-logFile
Logs/AssetImportWorker4.log
-srvPort
65390
Successfully changed project path to: C:/Users/Sigrun/Documents/GitHub/PetTheEggo
C:/Users/Sigrun/Documents/GitHub/PetTheEggo
Using Asset Import Pipeline V2.
Refreshing native plugins compatible for Editor in 60.68 ms, found 1 plugins.
Preloading 0 native plugins for Editor in 0.00 ms.
Initialize engine version: 2020.2.1f1 (270dd8c3da1c)
[Subsystems] Discovering subsystems at path C:/Program Files/Unity/Hub/Editor/2020.2.1f1/Editor/Data/Resources/UnitySubsystems
[Subsystems] Discovering subsystems at path C:/Users/Sigrun/Documents/GitHub/PetTheEggo/Assets
GfxDevice: creating device client; threaded=0
Direct3D:
    Version:  Direct3D 11.0 [level 11.1]
    Renderer: NVIDIA GeForce GTX 1650 with Max-Q Design (ID=0x1f91)
    Vendor:   
    VRAM:     3964 MB
    Driver:   26.21.14.3184
Shader 'Universal Render Pipeline/Particles/Lit': fallback shader 'Universal Render Pipeline/Particles/SimpleLit' not found
Initialize mono
Mono path[0] = 'C:/Program Files/Unity/Hub/Editor/2020.2.1f1/Editor/Data/Managed'
Mono path[1] = 'C:/Program Files/Unity/Hub/Editor/2020.2.1f1/Editor/Data/MonoBleedingEdge/lib/mono/unityjit'
Mono config path = 'C:/Program Files/Unity/Hub/Editor/2020.2.1f1/Editor/Data/MonoBleedingEdge/etc'
Using monoOptions --debugger-agent=transport=dt_socket,embedding=1,server=y,suspend=n,address=127.0.0.1:56288
Begin MonoManager ReloadAssembly
Registering precompiled unity dll's ...
Register platform support module: C:/Program Files/Unity/Hub/Editor/2020.2.1f1/Editor/Data/PlaybackEngines/MacStandaloneSupport/UnityEditor.OSXStandalone.Extensions.dll
Register platform support module: C:/Program Files/Unity/Hub/Editor/2020.2.1f1/Editor/Data/PlaybackEngines/WindowsStandaloneSupport/UnityEditor.WindowsStandalone.Extensions.dll
Registered in 0.002464 seconds.
Native extension for WindowsStandalone target not found
Native extension for OSXStandalone target not found
Refreshing native plugins compatible for Editor in 57.95 ms, found 1 plugins.
Preloading 0 native plugins for Editor in 0.00 ms.
Invoked RoslynAnalysisRunner static constructor.
RoslynAnalysisRunner will not be running.
RoslynAnalysisRunner has terminated.
Mono: successfully reloaded assembly
- Completed reload, in  3.323 seconds
Platform modules already initialized, skipping
Registering precompiled user dll's ...
Registered in 0.001473 seconds.
Begin MonoManager ReloadAssembly
Native extension for WindowsStandalone target not found
Native extension for OSXStandalone target not found
Refreshing native plugins compatible for Editor in 64.22 ms, found 1 plugins.
Preloading 0 native plugins for Editor in 0.00 ms.
Invoked RoslynAnalysisRunner static constructor.
RoslynAnalysisRunner will not be running.
RoslynAnalysisRunner has terminated.
Mono: successfully reloaded assembly
- Completed reload, in  0.999 seconds
Platform modules already initialized, skipping
========================================================================
Worker process is ready to serve import requests
Shader 'Universal Render Pipeline/Particles/Lit': fallback shader 'Universal Render Pipeline/Particles/SimpleLit' not found
Launched and connected shader compiler UnityShaderCompiler.exe after 0.03 seconds
Refreshing native plugins compatible for Editor in 0.66 ms, found 1 plugins.
Preloading 0 native plugins for Editor in 0.00 ms.
Unloading 3326 Unused Serialized files (Serialized files now loaded: 0)
System memory in use before: 146.2 MB.
System memory in use after: 146.4 MB.

Unloading 26 unused Assets to reduce memory usage. Loaded Objects now: 3775.
Total: 2.676800 ms (FindLiveObjects: 0.307500 ms CreateObjectMapping: 0.152500 ms MarkObjects: 2.112500 ms  DeleteObjects: 0.103500 ms)

========================================================================
Received Import Request.
  path: Assets/Scripts/DataContainers/Pets/Pet 2.asset
  artifactKey: Guid(3598feb278f0dde4a86c70e4c1f0cfa1) Importer(815301076,1909f56bfc062723c751e8b465ee728b)
Start importing Assets/Scripts/DataContainers/Pets/Pet 2.asset using Guid(3598feb278f0dde4a86c70e4c1f0cfa1) Importer(815301076,1909f56bfc062723c751e8b465ee728b)  -> (artifact id: '7c9e7f4a2840a696cccfe0b8c9f685f7') in 0.027219 seconds
  Import took 0.033392 seconds .

========================================================================
Received Import Request.
  Time since last request: 34.797137 seconds.
  path: Assets/Scripts/DataContainers/Pets/Pet 3.asset
  artifactKey: Guid(e1674c7311ecefa4bbc3b6e1008cbb92) Importer(815301076,1909f56bfc062723c751e8b465ee728b)
Start importing Assets/Scripts/DataContainers/Pets/Pet 3.asset using Guid(e1674c7311ecefa4bbc3b6e1008cbb92) Importer(815301076,1909f56bfc062723c751e8b465ee728b)  -> (artifact id: 'ede6c1520fdef19c39bb3a6b05a617b0') in 0.003401 seconds
  Import took 0.008996 seconds .

========================================================================
Received Import Request.
  Time since last request: 3.467125 seconds.
  path: Assets/Scripts/DataContainers/Pets/Pet 3.asset
  artifactKey: Guid(e1674c7311ecefa4bbc3b6e1008cbb92) Importer(815301076,1909f56bfc062723c751e8b465ee728b)
Start importing Assets/Scripts/DataContainers/Pets/Pet 3.asset using Guid(e1674c7311ecefa4bbc3b6e1008cbb92) Importer(815301076,1909f56bfc062723c751e8b465ee728b)  -> (artifact id: 'd8e3b4be49f283080e44179904519872') in 0.003508 seconds
  Import took 0.008476 seconds .

========================================================================
Received Import Request.
  Time since last request: 8.006568 seconds.
  path: Assets/Scripts/DataContainers/Pets/Pet 3.asset
  artifactKey: Guid(e1674c7311ecefa4bbc3b6e1008cbb92) Importer(815301076,1909f56bfc062723c751e8b465ee728b)
Start importing Assets/Scripts/DataContainers/Pets/Pet 3.asset using Guid(e1674c7311ecefa4bbc3b6e1008cbb92) Importer(815301076,1909f56bfc062723c751e8b465ee728b)  -> (artifact id: '26e8372ff41a35c6c69e9759974e8cce') in 0.003483 seconds
  Import took 0.008485 seconds .

========================================================================
Received Import Request.
  Time since last request: 3.292591 seconds.
  path: Assets/Scripts/DataContainers/Pets/Pet 1.asset
  artifactKey: Guid(e00789a487430924baa0376377f5d4e0) Importer(815301076,1909f56bfc062723c751e8b465ee728b)
Start importing Assets/Scripts/DataContainers/Pets/Pet 1.asset using Guid(e00789a487430924baa0376377f5d4e0) Importer(815301076,1909f56bfc062723c751e8b465ee728b)  -> (artifact id: '6e8157f630ebbe3ff76d314efd4c9fd0') in 0.003117 seconds
  Import took 0.010173 seconds .

========================================================================
Received Prepare
Registering precompiled user dll's ...
Registered in 0.001458 seconds.
Begin MonoManager ReloadAssembly
Native extension for WindowsStandalone target not found
Native extension for OSXStandalone target not found
Refreshing native plugins compatible for Editor in 0.64 ms, found 1 plugins.
Preloading 0 native plugins for Editor in 0.00 ms.
Invoked RoslynAnalysisRunner static constructor.
RoslynAnalysisRunner will not be running.
RoslynAnalysisRunner has terminated.
Mono: successfully reloaded assembly
- Completed reload, in  0.902 seconds
Platform modules already initialized, skipping
Shader 'Universal Render Pipeline/Particles/Lit': fallback shader 'Universal Render Pipeline/Particles/SimpleLit' not found
Refreshing native plugins compatible for Editor in 0.66 ms, found 1 plugins.
Preloading 0 native plugins for Editor in 0.00 ms.
Unloading 3201 Unused Serialized files (Serialized files now loaded: 0)
System memory in use before: 139.6 MB.
System memory in use after: 139.7 MB.

Unloading 13 unused Assets to reduce memory usage. Loaded Objects now: 3778.
Total: 3.660900 ms (FindLiveObjects: 0.427000 ms CreateObjectMapping: 0.176200 ms MarkObjects: 2.950500 ms  DeleteObjects: 0.105600 ms)

