Using pre-set license
Built from '2020.2/release' branch; Version is '2020.2.1f1 (270dd8c3da1c) revision 2559448'; Using compiler version '192528614'; Build Type 'Release'
OS: 'Windows 10  (10.0.0) 64bit' Language: 'no' Physical Memory: 16221 MB
BatchMode: 1, IsHumanControllingUs: 0, StartBugReporterOnCrash: 0, Is64bit: 1, IsPro: 0

 COMMAND LINE ARGUMENTS:
C:\Program Files\Unity\Hub\Editor\2020.2.1f1\Editor\Unity.exe
-adb2
-batchMode
-noUpm
-name
AssetImportWorker0
-projectPath
C:/Users/Sigrun/Documents/GitHub/PetTheEggo
-logFile
Logs/AssetImportWorker0.log
-srvPort
51293
Successfully changed project path to: C:/Users/Sigrun/Documents/GitHub/PetTheEggo
C:/Users/Sigrun/Documents/GitHub/PetTheEggo
Using Asset Import Pipeline V2.
Refreshing native plugins compatible for Editor in 54.89 ms, found 1 plugins.
Preloading 0 native plugins for Editor in 0.00 ms.
Initialize engine version: 2020.2.1f1 (270dd8c3da1c)
[Subsystems] Discovering subsystems at path C:/Program Files/Unity/Hub/Editor/2020.2.1f1/Editor/Data/Resources/UnitySubsystems
[Subsystems] Discovering subsystems at path C:/Users/Sigrun/Documents/GitHub/PetTheEggo/Assets
GfxDevice: creating device client; threaded=0
Direct3D:
    Version:  Direct3D 11.0 [level 11.1]
    Renderer: NVIDIA GeForce GTX 1650 with Max-Q Design (ID=0x1f91)
    Vendor:   
    VRAM:     3964 MB
    Driver:   26.21.14.3184
Initialize mono
Mono path[0] = 'C:/Program Files/Unity/Hub/Editor/2020.2.1f1/Editor/Data/Managed'
Mono path[1] = 'C:/Program Files/Unity/Hub/Editor/2020.2.1f1/Editor/Data/MonoBleedingEdge/lib/mono/unityjit'
Mono config path = 'C:/Program Files/Unity/Hub/Editor/2020.2.1f1/Editor/Data/MonoBleedingEdge/etc'
Using monoOptions --debugger-agent=transport=dt_socket,embedding=1,server=y,suspend=n,address=127.0.0.1:56468
Begin MonoManager ReloadAssembly
Registering precompiled unity dll's ...
Register platform support module: C:/Program Files/Unity/Hub/Editor/2020.2.1f1/Editor/Data/PlaybackEngines/WindowsStandaloneSupport/UnityEditor.WindowsStandalone.Extensions.dll
Registered in 0.003033 seconds.
Native extension for WindowsStandalone target not found
Refreshing native plugins compatible for Editor in 54.51 ms, found 1 plugins.
Preloading 0 native plugins for Editor in 0.00 ms.
Invoked RoslynAnalysisRunner static constructor.
RoslynAnalysisRunner will not be running.
RoslynAnalysisRunner has terminated.
Mono: successfully reloaded assembly
- Completed reload, in  1.730 seconds
Platform modules already initialized, skipping
Registering precompiled user dll's ...
Registered in 0.001553 seconds.
Begin MonoManager ReloadAssembly
Native extension for WindowsStandalone target not found
Refreshing native plugins compatible for Editor in 70.24 ms, found 1 plugins.
Preloading 0 native plugins for Editor in 0.00 ms.
Invoked RoslynAnalysisRunner static constructor.
RoslynAnalysisRunner will not be running.
RoslynAnalysisRunner has terminated.
Mono: successfully reloaded assembly
- Completed reload, in  2.067 seconds
Platform modules already initialized, skipping
========================================================================
Worker process is ready to serve import requests
Launched and connected shader compiler UnityShaderCompiler.exe after 0.08 seconds
Refreshing native plugins compatible for Editor in 0.52 ms, found 1 plugins.
Preloading 0 native plugins for Editor in 0.00 ms.
Unloading 1787 Unused Serialized files (Serialized files now loaded: 0)
System memory in use before: 83.6 MB.
System memory in use after: 83.5 MB.

Unloading 24 unused Assets to reduce memory usage. Loaded Objects now: 2226.
Total: 3.009300 ms (FindLiveObjects: 0.282900 ms CreateObjectMapping: 0.107800 ms MarkObjects: 2.462400 ms  DeleteObjects: 0.154300 ms)

========================================================================
Received Import Request.
  path: Assets/Scenes/Test
  artifactKey: Guid(52d1d03f7ff076a44b5310a312e59b57) Importer(815301076,1909f56bfc062723c751e8b465ee728b)
Start importing Assets/Scenes/Test using Guid(52d1d03f7ff076a44b5310a312e59b57) Importer(815301076,1909f56bfc062723c751e8b465ee728b)  -> (artifact id: '7d7f4ce1b663c8362b23f63195d5c8b9') in 0.012125 seconds
  Import took 0.017968 seconds .

========================================================================
Received Import Request.
  Time since last request: 8.208001 seconds.
  path: Assets/Scenes/SigwuuuuuuuuuuuuuuunTHeScene.unity
  artifactKey: Guid(043de66801095d1429410ab32808aa5d) Importer(815301076,1909f56bfc062723c751e8b465ee728b)
Start importing Assets/Scenes/SigwuuuuuuuuuuuuuuunTHeScene.unity using Guid(043de66801095d1429410ab32808aa5d) Importer(815301076,1909f56bfc062723c751e8b465ee728b)  -> (artifact id: '0861ddcd6a800ce08edc61364c9c0df1') in 0.022350 seconds
  Import took 0.027270 seconds .

========================================================================
Received Import Request.
  Time since last request: 5.728758 seconds.
  path: Assets/Scenes/Test/SampleScene.unity
  artifactKey: Guid(2cda990e2423bbf4892e6590ba056729) Importer(815301076,1909f56bfc062723c751e8b465ee728b)
Start importing Assets/Scenes/Test/SampleScene.unity using Guid(2cda990e2423bbf4892e6590ba056729) Importer(815301076,1909f56bfc062723c751e8b465ee728b)  -> (artifact id: '68e638b9c95263cbd6c5b1eb18544bd4') in 0.007857 seconds
  Import took 0.013052 seconds .

========================================================================
Received Import Request.
  Time since last request: 0.000826 seconds.
  path: Assets/Scenes/Test/SampleScene.unity
  artifactKey: Guid(2cda990e2423bbf4892e6590ba056729) Importer(815301076,1909f56bfc062723c751e8b465ee728b)
Start importing Assets/Scenes/Test/SampleScene.unity using Guid(2cda990e2423bbf4892e6590ba056729) Importer(815301076,1909f56bfc062723c751e8b465ee728b)  -> (artifact id: '68e638b9c95263cbd6c5b1eb18544bd4') in 0.005705 seconds
  Import took 0.011653 seconds .

