Using pre-set license
Built from '2020.2/release' branch; Version is '2020.2.1f1 (270dd8c3da1c) revision 2559448'; Using compiler version '192528614'; Build Type 'Release'
OS: 'Windows 10  (10.0.0) 64bit' Language: 'no' Physical Memory: 16221 MB
BatchMode: 1, IsHumanControllingUs: 0, StartBugReporterOnCrash: 0, Is64bit: 1, IsPro: 0

 COMMAND LINE ARGUMENTS:
C:\Program Files\Unity\Hub\Editor\2020.2.1f1\Editor\Unity.exe
-adb2
-batchMode
-noUpm
-name
AssetImportWorker0
-projectPath
C:/Users/Sigrun/Documents/GitHub/PetTheEggo
-logFile
Logs/AssetImportWorker0.log
-srvPort
59233
Successfully changed project path to: C:/Users/Sigrun/Documents/GitHub/PetTheEggo
C:/Users/Sigrun/Documents/GitHub/PetTheEggo
Using Asset Import Pipeline V2.
Refreshing native plugins compatible for Editor in 47.54 ms, found 1 plugins.
Preloading 0 native plugins for Editor in 0.00 ms.
Initialize engine version: 2020.2.1f1 (270dd8c3da1c)
[Subsystems] Discovering subsystems at path C:/Program Files/Unity/Hub/Editor/2020.2.1f1/Editor/Data/Resources/UnitySubsystems
[Subsystems] Discovering subsystems at path C:/Users/Sigrun/Documents/GitHub/PetTheEggo/Assets
GfxDevice: creating device client; threaded=0
Direct3D:
    Version:  Direct3D 11.0 [level 11.1]
    Renderer: NVIDIA GeForce GTX 1650 with Max-Q Design (ID=0x1f91)
    Vendor:   
    VRAM:     3964 MB
    Driver:   26.21.14.3184
Initialize mono
Mono path[0] = 'C:/Program Files/Unity/Hub/Editor/2020.2.1f1/Editor/Data/Managed'
Mono path[1] = 'C:/Program Files/Unity/Hub/Editor/2020.2.1f1/Editor/Data/MonoBleedingEdge/lib/mono/unityjit'
Mono config path = 'C:/Program Files/Unity/Hub/Editor/2020.2.1f1/Editor/Data/MonoBleedingEdge/etc'
Using monoOptions --debugger-agent=transport=dt_socket,embedding=1,server=y,suspend=n,address=127.0.0.1:56776
Begin MonoManager ReloadAssembly
Registering precompiled unity dll's ...
Register platform support module: C:/Program Files/Unity/Hub/Editor/2020.2.1f1/Editor/Data/PlaybackEngines/WindowsStandaloneSupport/UnityEditor.WindowsStandalone.Extensions.dll
Registered in 0.001813 seconds.
Native extension for WindowsStandalone target not found
Refreshing native plugins compatible for Editor in 46.54 ms, found 1 plugins.
Preloading 0 native plugins for Editor in 0.00 ms.
Invoked RoslynAnalysisRunner static constructor.
RoslynAnalysisRunner will not be running.
RoslynAnalysisRunner has terminated.
Mono: successfully reloaded assembly
- Completed reload, in  1.167 seconds
Platform modules already initialized, skipping
Registering precompiled user dll's ...
Registered in 0.001488 seconds.
Begin MonoManager ReloadAssembly
Native extension for WindowsStandalone target not found
Refreshing native plugins compatible for Editor in 46.16 ms, found 1 plugins.
Preloading 0 native plugins for Editor in 0.00 ms.
Invoked RoslynAnalysisRunner static constructor.
RoslynAnalysisRunner will not be running.
RoslynAnalysisRunner has terminated.
Mono: successfully reloaded assembly
- Completed reload, in  1.114 seconds
Platform modules already initialized, skipping
========================================================================
Worker process is ready to serve import requests
Launched and connected shader compiler UnityShaderCompiler.exe after 0.06 seconds
Refreshing native plugins compatible for Editor in 0.43 ms, found 1 plugins.
Preloading 0 native plugins for Editor in 0.00 ms.
Unloading 2085 Unused Serialized files (Serialized files now loaded: 0)
System memory in use before: 94.4 MB.
System memory in use after: 94.4 MB.

Unloading 26 unused Assets to reduce memory usage. Loaded Objects now: 2527.
Total: 2.863000 ms (FindLiveObjects: 0.238500 ms CreateObjectMapping: 0.149500 ms MarkObjects: 2.322000 ms  DeleteObjects: 0.152200 ms)

========================================================================
Received Import Request.
  path: Assets/lfq65wmo.bmp
  artifactKey: Guid(ecd7394ca17ee9b48a52d94d3c9917b9) Importer(815301076,1909f56bfc062723c751e8b465ee728b)
Start importing Assets/lfq65wmo.bmp using Guid(ecd7394ca17ee9b48a52d94d3c9917b9) Importer(815301076,1909f56bfc062723c751e8b465ee728b)  -> (artifact id: '3ef8296044850be0f2c8d880605e69f5') in 0.165883 seconds
  Import took 0.169909 seconds .

========================================================================
Received Import Request.
  Time since last request: 0.000425 seconds.
  path: Assets/Scripts/UI
  artifactKey: Guid(011c7d694875ba640a113ad599491277) Importer(815301076,1909f56bfc062723c751e8b465ee728b)
Start importing Assets/Scripts/UI using Guid(011c7d694875ba640a113ad599491277) Importer(815301076,1909f56bfc062723c751e8b465ee728b)  -> (artifact id: '94a5e68420000c80f6e3bbaf89754c5a') in 0.004468 seconds
  Import took 0.008241 seconds .

========================================================================
Received Import Request.
  Time since last request: 0.420257 seconds.
  path: Assets/yujqpnwl.bmp
  artifactKey: Guid(4a9c74254c81406469a1f9b0d6a76f67) Importer(815301076,1909f56bfc062723c751e8b465ee728b)
Start importing Assets/yujqpnwl.bmp using Guid(4a9c74254c81406469a1f9b0d6a76f67) Importer(815301076,1909f56bfc062723c751e8b465ee728b)  -> (artifact id: '03b5e9c8e1884ad2dcf3bcfcdc9befc0') in 0.020611 seconds
  Import took 0.024874 seconds .

========================================================================
Received Import Request.
  Time since last request: 9011.708476 seconds.
  path: Assets/Scenes/Test/SigrunTestScene.unity
  artifactKey: Guid(7f1dbfb2cd9d74a478bfc274173c504c) Importer(815301076,1909f56bfc062723c751e8b465ee728b)
Start importing Assets/Scenes/Test/SigrunTestScene.unity using Guid(7f1dbfb2cd9d74a478bfc274173c504c) Importer(815301076,1909f56bfc062723c751e8b465ee728b)  -> (artifact id: '393fb2ea941edbda92790d73b99fe687') in 0.025503 seconds
  Import took 0.087847 seconds .

========================================================================
Received Import Request.
  Time since last request: 1918.723639 seconds.
  path: Assets/Scripts/MiniGames/MazePlayerControls.cs
  artifactKey: Guid(288f8d95a610bc14e95a27c6e162a13b) Importer(815301076,1909f56bfc062723c751e8b465ee728b)
Start importing Assets/Scripts/MiniGames/MazePlayerControls.cs using Guid(288f8d95a610bc14e95a27c6e162a13b) Importer(815301076,1909f56bfc062723c751e8b465ee728b)  -> (artifact id: '17a2a282a7247da7e91435368282dd9a') in 0.020771 seconds
  Import took 0.026823 seconds .

========================================================================
Received Import Request.
  Time since last request: 0.004704 seconds.
  path: Assets/Scripts/MiniGames/MazePlayerControls.cs
  artifactKey: Guid(288f8d95a610bc14e95a27c6e162a13b) Importer(815301076,1909f56bfc062723c751e8b465ee728b)
Start importing Assets/Scripts/MiniGames/MazePlayerControls.cs using Guid(288f8d95a610bc14e95a27c6e162a13b) Importer(815301076,1909f56bfc062723c751e8b465ee728b)  -> (artifact id: '17a2a282a7247da7e91435368282dd9a') in 0.004283 seconds
  Import took 0.009544 seconds .

========================================================================
Received Prepare
Registering precompiled user dll's ...
Registered in 0.001191 seconds.
Begin MonoManager ReloadAssembly
Native extension for WindowsStandalone target not found
Refreshing native plugins compatible for Editor in 0.50 ms, found 1 plugins.
Preloading 0 native plugins for Editor in 0.00 ms.
Invoked RoslynAnalysisRunner static constructor.
RoslynAnalysisRunner will not be running.
RoslynAnalysisRunner has terminated.
Mono: successfully reloaded assembly
- Completed reload, in  1.229 seconds
Platform modules already initialized, skipping
Refreshing native plugins compatible for Editor in 0.47 ms, found 1 plugins.
Preloading 0 native plugins for Editor in 0.00 ms.
Unloading 2081 Unused Serialized files (Serialized files now loaded: 0)
System memory in use before: 97.6 MB.
System memory in use after: 97.6 MB.

Unloading 12 unused Assets to reduce memory usage. Loaded Objects now: 2539.
Total: 2.443700 ms (FindLiveObjects: 0.228200 ms CreateObjectMapping: 0.111300 ms MarkObjects: 2.006700 ms  DeleteObjects: 0.096600 ms)

========================================================================
Received Import Request.
  Time since last request: 125.978298 seconds.
  path: Assets/Scripts/MiniGames/MazePlayerControls.cs
  artifactKey: Guid(288f8d95a610bc14e95a27c6e162a13b) Importer(815301076,1909f56bfc062723c751e8b465ee728b)
Start importing Assets/Scripts/MiniGames/MazePlayerControls.cs using Guid(288f8d95a610bc14e95a27c6e162a13b) Importer(815301076,1909f56bfc062723c751e8b465ee728b)  -> (artifact id: '56d2b2488906828292392d6c65bdfcd3') in 0.007876 seconds
  Import took 0.014393 seconds .

========================================================================
Received Import Request.
  Time since last request: 0.067899 seconds.
  path: Assets/Scripts/MiniGames/MazePlayerControls.cs
  artifactKey: Guid(288f8d95a610bc14e95a27c6e162a13b) Importer(815301076,1909f56bfc062723c751e8b465ee728b)
Start importing Assets/Scripts/MiniGames/MazePlayerControls.cs using Guid(288f8d95a610bc14e95a27c6e162a13b) Importer(815301076,1909f56bfc062723c751e8b465ee728b)  -> (artifact id: '56d2b2488906828292392d6c65bdfcd3') in 0.003640 seconds
  Import took 0.008636 seconds .

========================================================================
Received Prepare
Registering precompiled user dll's ...
Registered in 0.001075 seconds.
Begin MonoManager ReloadAssembly
Native extension for WindowsStandalone target not found
Refreshing native plugins compatible for Editor in 0.44 ms, found 1 plugins.
Preloading 0 native plugins for Editor in 0.00 ms.
Invoked RoslynAnalysisRunner static constructor.
RoslynAnalysisRunner will not be running.
RoslynAnalysisRunner has terminated.
Mono: successfully reloaded assembly
- Completed reload, in  0.915 seconds
Platform modules already initialized, skipping
Refreshing native plugins compatible for Editor in 0.46 ms, found 1 plugins.
Preloading 0 native plugins for Editor in 0.00 ms.
Unloading 2081 Unused Serialized files (Serialized files now loaded: 0)
System memory in use before: 97.7 MB.
System memory in use after: 97.7 MB.

Unloading 12 unused Assets to reduce memory usage. Loaded Objects now: 2542.
Total: 2.750700 ms (FindLiveObjects: 0.237300 ms CreateObjectMapping: 0.096000 ms MarkObjects: 2.278300 ms  DeleteObjects: 0.138300 ms)

========================================================================
Received Import Request.
  Time since last request: 1076.486451 seconds.
  path: Assets/Scripts/MiniGames/MazePlayerControls.cs
  artifactKey: Guid(288f8d95a610bc14e95a27c6e162a13b) Importer(815301076,1909f56bfc062723c751e8b465ee728b)
Start importing Assets/Scripts/MiniGames/MazePlayerControls.cs using Guid(288f8d95a610bc14e95a27c6e162a13b) Importer(815301076,1909f56bfc062723c751e8b465ee728b)  -> (artifact id: 'c314443f93d73a8a2773b9cfc6c91c9f') in 0.009206 seconds
  Import took 0.016529 seconds .

========================================================================
Received Import Request.
  Time since last request: 0.080173 seconds.
  path: Assets/Scripts/MiniGames/MazePlayerControls.cs
  artifactKey: Guid(288f8d95a610bc14e95a27c6e162a13b) Importer(815301076,1909f56bfc062723c751e8b465ee728b)
Start importing Assets/Scripts/MiniGames/MazePlayerControls.cs using Guid(288f8d95a610bc14e95a27c6e162a13b) Importer(815301076,1909f56bfc062723c751e8b465ee728b)  -> (artifact id: 'c314443f93d73a8a2773b9cfc6c91c9f') in 0.003584 seconds
  Import took 0.008657 seconds .

========================================================================
Received Prepare
Registering precompiled user dll's ...
Registered in 0.001134 seconds.
Begin MonoManager ReloadAssembly
Native extension for WindowsStandalone target not found
Refreshing native plugins compatible for Editor in 0.48 ms, found 1 plugins.
Preloading 0 native plugins for Editor in 0.00 ms.
Invoked RoslynAnalysisRunner static constructor.
RoslynAnalysisRunner will not be running.
RoslynAnalysisRunner has terminated.
Mono: successfully reloaded assembly
- Completed reload, in  1.024 seconds
Platform modules already initialized, skipping
Refreshing native plugins compatible for Editor in 0.48 ms, found 1 plugins.
Preloading 0 native plugins for Editor in 0.00 ms.
Unloading 2081 Unused Serialized files (Serialized files now loaded: 0)
System memory in use before: 97.8 MB.
System memory in use after: 97.8 MB.

Unloading 12 unused Assets to reduce memory usage. Loaded Objects now: 2545.
Total: 3.068300 ms (FindLiveObjects: 0.300000 ms CreateObjectMapping: 0.166600 ms MarkObjects: 2.478100 ms  DeleteObjects: 0.122200 ms)

AssetImportWorkerClient::OnTransportError - code=2 error=End of file
